<?xml version="1.0" encoding="UTF-8"?>
<testsuite xmlns:xsi="http://www.w3.org/2001/XMLSchema-instance" xsi:noNamespaceSchemaLocation="https://maven.apache.org/surefire/maven-surefire-plugin/xsd/surefire-test-report.xsd" name="PostControllerTest" time="4.369" tests="8" errors="0" skipped="0" failures="0">
  <properties>
    <property name="sun.desktop" value="windows"/>
    <property name="awt.toolkit" value="sun.awt.windows.WToolkit"/>
    <property name="file.encoding.pkg" value="sun.io"/>
    <property name="java.specification.version" value="1.8"/>
    <property name="sun.cpu.isalist" value="amd64"/>
    <property name="sun.jnu.encoding" value="Cp1252"/>
    <property name="java.class.path" value="C:\Users\thoma\Documents\repos\project2\Project2Server\target\test-classes;C:\Users\thoma\Documents\repos\project2\Project2Server\target\classes;C:\Users\thoma\.m2\repository\org\springframework\spring-webmvc\4.3.27.RELEASE\spring-webmvc-4.3.27.RELEASE.jar;C:\Users\thoma\.m2\repository\org\springframework\spring-aop\4.3.27.RELEASE\spring-aop-4.3.27.RELEASE.jar;C:\Users\thoma\.m2\repository\org\springframework\spring-beans\4.3.27.RELEASE\spring-beans-4.3.27.RELEASE.jar;C:\Users\thoma\.m2\repository\org\springframework\spring-core\4.3.27.RELEASE\spring-core-4.3.27.RELEASE.jar;C:\Users\thoma\.m2\repository\commons-logging\commons-logging\1.2\commons-logging-1.2.jar;C:\Users\thoma\.m2\repository\org\springframework\spring-expression\4.3.27.RELEASE\spring-expression-4.3.27.RELEASE.jar;C:\Users\thoma\.m2\repository\org\springframework\spring-web\4.3.27.RELEASE\spring-web-4.3.27.RELEASE.jar;C:\Users\thoma\.m2\repository\org\springframework\spring-context\4.3.29.RELEASE\spring-context-4.3.29.RELEASE.jar;C:\Users\thoma\.m2\repository\org\springframework\spring-orm\4.3.29.RELEASE\spring-orm-4.3.29.RELEASE.jar;C:\Users\thoma\.m2\repository\org\springframework\spring-jdbc\4.3.29.RELEASE\spring-jdbc-4.3.29.RELEASE.jar;C:\Users\thoma\.m2\repository\org\springframework\spring-tx\4.3.29.RELEASE\spring-tx-4.3.29.RELEASE.jar;C:\Users\thoma\.m2\repository\org\hibernate\hibernate-entitymanager\4.3.11.Final\hibernate-entitymanager-4.3.11.Final.jar;C:\Users\thoma\.m2\repository\org\jboss\logging\jboss-logging\3.1.3.GA\jboss-logging-3.1.3.GA.jar;C:\Users\thoma\.m2\repository\org\jboss\logging\jboss-logging-annotations\1.2.0.Beta1\jboss-logging-annotations-1.2.0.Beta1.jar;C:\Users\thoma\.m2\repository\dom4j\dom4j\1.6.1\dom4j-1.6.1.jar;C:\Users\thoma\.m2\repository\xml-apis\xml-apis\1.0.b2\xml-apis-1.0.b2.jar;C:\Users\thoma\.m2\repository\org\hibernate\common\hibernate-commons-annotations\4.0.5.Final\hibernate-commons-annotations-4.0.5.Final.jar;C:\Users\thoma\.m2\repository\org\hibernate\javax\persistence\hibernate-jpa-2.1-api\1.0.0.Final\hibernate-jpa-2.1-api-1.0.0.Final.jar;C:\Users\thoma\.m2\repository\org\jboss\spec\javax\transaction\jboss-transaction-api_1.2_spec\1.0.0.Final\jboss-transaction-api_1.2_spec-1.0.0.Final.jar;C:\Users\thoma\.m2\repository\org\javassist\javassist\3.18.1-GA\javassist-3.18.1-GA.jar;C:\Users\thoma\.m2\repository\org\hibernate\hibernate-core\4.3.11.Final\hibernate-core-4.3.11.Final.jar;C:\Users\thoma\.m2\repository\antlr\antlr\2.7.7\antlr-2.7.7.jar;C:\Users\thoma\.m2\repository\org\jboss\jandex\1.1.0.Final\jandex-1.1.0.Final.jar;C:\Users\thoma\.m2\repository\com\h2database\h2\1.4.200\h2-1.4.200.jar;C:\Users\thoma\.m2\repository\com\zaxxer\HikariCP\2.7.9\HikariCP-2.7.9.jar;C:\Users\thoma\.m2\repository\org\slf4j\slf4j-api\1.7.25\slf4j-api-1.7.25.jar;C:\Users\thoma\.m2\repository\com\fasterxml\jackson\core\jackson-databind\2.11.3\jackson-databind-2.11.3.jar;C:\Users\thoma\.m2\repository\com\fasterxml\jackson\core\jackson-annotations\2.11.3\jackson-annotations-2.11.3.jar;C:\Users\thoma\.m2\repository\com\fasterxml\jackson\core\jackson-core\2.11.3\jackson-core-2.11.3.jar;C:\Users\thoma\.m2\repository\javax\servlet\javax.servlet-api\3.1.0\javax.servlet-api-3.1.0.jar;C:\Users\thoma\.m2\repository\org\springframework\spring-test\4.3.27.RELEASE\spring-test-4.3.27.RELEASE.jar;C:\Users\thoma\.m2\repository\org\postgresql\postgresql\42.2.18\postgresql-42.2.18.jar;C:\Users\thoma\.m2\repository\org\checkerframework\checker-qual\3.5.0\checker-qual-3.5.0.jar;C:\Users\thoma\.m2\repository\junit\junit\4.12\junit-4.12.jar;C:\Users\thoma\.m2\repository\org\hamcrest\hamcrest-core\1.3\hamcrest-core-1.3.jar;C:\Users\thoma\.m2\repository\org\mockito\mockito-all\1.8.4\mockito-all-1.8.4.jar;C:\Users\thoma\.m2\repository\com\jayway\jsonpath\json-path\2.0.0\json-path-2.0.0.jar;C:\Users\thoma\.m2\repository\net\minidev\json-smart\2.1.1\json-smart-2.1.1.jar;C:\Users\thoma\.m2\repository\net\minidev\asm\1.0.2\asm-1.0.2.jar;C:\Users\thoma\.m2\repository\asm\asm\3.3.1\asm-3.3.1.jar;C:\Users\thoma\.m2\repository\log4j\log4j\1.2.17\log4j-1.2.17.jar;"/>
    <property name="java.vm.vendor" value="Oracle Corporation"/>
    <property name="sun.arch.data.model" value="64"/>
    <property name="user.variant" value=""/>
    <property name="java.vendor.url" value="http://java.oracle.com/"/>
    <property name="user.timezone" value="America/Chicago"/>
    <property name="java.vm.specification.version" value="1.8"/>
    <property name="os.name" value="Windows 10"/>
    <property name="user.country" value="US"/>
    <property name="sun.java.launcher" value="SUN_STANDARD"/>
    <property name="sun.boot.library.path" value="C:\Program Files\Java\jdk1.8.0_271\jre\bin"/>
    <property name="sun.java.command" value="C:\Users\thoma\AppData\Local\Temp\surefire5645738851045766730\surefirebooter1165600550597594513.jar C:\Users\thoma\AppData\Local\Temp\surefire5645738851045766730 2020-12-18T09-16-06_265-jvmRun1 surefire1905338904689670295tmp surefire_05729282048782721535tmp"/>
    <property name="surefire.test.class.path" value="C:\Users\thoma\Documents\repos\project2\Project2Server\target\test-classes;C:\Users\thoma\Documents\repos\project2\Project2Server\target\classes;C:\Users\thoma\.m2\repository\org\springframework\spring-webmvc\4.3.27.RELEASE\spring-webmvc-4.3.27.RELEASE.jar;C:\Users\thoma\.m2\repository\org\springframework\spring-aop\4.3.27.RELEASE\spring-aop-4.3.27.RELEASE.jar;C:\Users\thoma\.m2\repository\org\springframework\spring-beans\4.3.27.RELEASE\spring-beans-4.3.27.RELEASE.jar;C:\Users\thoma\.m2\repository\org\springframework\spring-core\4.3.27.RELEASE\spring-core-4.3.27.RELEASE.jar;C:\Users\thoma\.m2\repository\commons-logging\commons-logging\1.2\commons-logging-1.2.jar;C:\Users\thoma\.m2\repository\org\springframework\spring-expression\4.3.27.RELEASE\spring-expression-4.3.27.RELEASE.jar;C:\Users\thoma\.m2\repository\org\springframework\spring-web\4.3.27.RELEASE\spring-web-4.3.27.RELEASE.jar;C:\Users\thoma\.m2\repository\org\springframework\spring-context\4.3.29.RELEASE\spring-context-4.3.29.RELEASE.jar;C:\Users\thoma\.m2\repository\org\springframework\spring-orm\4.3.29.RELEASE\spring-orm-4.3.29.RELEASE.jar;C:\Users\thoma\.m2\repository\org\springframework\spring-jdbc\4.3.29.RELEASE\spring-jdbc-4.3.29.RELEASE.jar;C:\Users\thoma\.m2\repository\org\springframework\spring-tx\4.3.29.RELEASE\spring-tx-4.3.29.RELEASE.jar;C:\Users\thoma\.m2\repository\org\hibernate\hibernate-entitymanager\4.3.11.Final\hibernate-entitymanager-4.3.11.Final.jar;C:\Users\thoma\.m2\repository\org\jboss\logging\jboss-logging\3.1.3.GA\jboss-logging-3.1.3.GA.jar;C:\Users\thoma\.m2\repository\org\jboss\logging\jboss-logging-annotations\1.2.0.Beta1\jboss-logging-annotations-1.2.0.Beta1.jar;C:\Users\thoma\.m2\repository\dom4j\dom4j\1.6.1\dom4j-1.6.1.jar;C:\Users\thoma\.m2\repository\xml-apis\xml-apis\1.0.b2\xml-apis-1.0.b2.jar;C:\Users\thoma\.m2\repository\org\hibernate\common\hibernate-commons-annotations\4.0.5.Final\hibernate-commons-annotations-4.0.5.Final.jar;C:\Users\thoma\.m2\repository\org\hibernate\javax\persistence\hibernate-jpa-2.1-api\1.0.0.Final\hibernate-jpa-2.1-api-1.0.0.Final.jar;C:\Users\thoma\.m2\repository\org\jboss\spec\javax\transaction\jboss-transaction-api_1.2_spec\1.0.0.Final\jboss-transaction-api_1.2_spec-1.0.0.Final.jar;C:\Users\thoma\.m2\repository\org\javassist\javassist\3.18.1-GA\javassist-3.18.1-GA.jar;C:\Users\thoma\.m2\repository\org\hibernate\hibernate-core\4.3.11.Final\hibernate-core-4.3.11.Final.jar;C:\Users\thoma\.m2\repository\antlr\antlr\2.7.7\antlr-2.7.7.jar;C:\Users\thoma\.m2\repository\org\jboss\jandex\1.1.0.Final\jandex-1.1.0.Final.jar;C:\Users\thoma\.m2\repository\com\h2database\h2\1.4.200\h2-1.4.200.jar;C:\Users\thoma\.m2\repository\com\zaxxer\HikariCP\2.7.9\HikariCP-2.7.9.jar;C:\Users\thoma\.m2\repository\org\slf4j\slf4j-api\1.7.25\slf4j-api-1.7.25.jar;C:\Users\thoma\.m2\repository\com\fasterxml\jackson\core\jackson-databind\2.11.3\jackson-databind-2.11.3.jar;C:\Users\thoma\.m2\repository\com\fasterxml\jackson\core\jackson-annotations\2.11.3\jackson-annotations-2.11.3.jar;C:\Users\thoma\.m2\repository\com\fasterxml\jackson\core\jackson-core\2.11.3\jackson-core-2.11.3.jar;C:\Users\thoma\.m2\repository\javax\servlet\javax.servlet-api\3.1.0\javax.servlet-api-3.1.0.jar;C:\Users\thoma\.m2\repository\org\springframework\spring-test\4.3.27.RELEASE\spring-test-4.3.27.RELEASE.jar;C:\Users\thoma\.m2\repository\org\postgresql\postgresql\42.2.18\postgresql-42.2.18.jar;C:\Users\thoma\.m2\repository\org\checkerframework\checker-qual\3.5.0\checker-qual-3.5.0.jar;C:\Users\thoma\.m2\repository\junit\junit\4.12\junit-4.12.jar;C:\Users\thoma\.m2\repository\org\hamcrest\hamcrest-core\1.3\hamcrest-core-1.3.jar;C:\Users\thoma\.m2\repository\org\mockito\mockito-all\1.8.4\mockito-all-1.8.4.jar;C:\Users\thoma\.m2\repository\com\jayway\jsonpath\json-path\2.0.0\json-path-2.0.0.jar;C:\Users\thoma\.m2\repository\net\minidev\json-smart\2.1.1\json-smart-2.1.1.jar;C:\Users\thoma\.m2\repository\net\minidev\asm\1.0.2\asm-1.0.2.jar;C:\Users\thoma\.m2\repository\asm\asm\3.3.1\asm-3.3.1.jar;C:\Users\thoma\.m2\repository\log4j\log4j\1.2.17\log4j-1.2.17.jar;"/>
    <property name="sun.cpu.endian" value="little"/>
    <property name="user.home" value="C:\Users\thoma"/>
    <property name="user.language" value="en"/>
    <property name="java.specification.vendor" value="Oracle Corporation"/>
    <property name="java.home" value="C:\Program Files\Java\jdk1.8.0_271\jre"/>
    <property name="basedir" value="C:\Users\thoma\Documents\repos\project2\Project2Server"/>
    <property name="file.separator" value="\"/>
    <property name="line.separator" value="&#10;"/>
    <property name="java.vm.specification.vendor" value="Oracle Corporation"/>
    <property name="java.specification.name" value="Java Platform API Specification"/>
    <property name="java.awt.graphicsenv" value="sun.awt.Win32GraphicsEnvironment"/>
    <property name="surefire.real.class.path" value="C:\Users\thoma\AppData\Local\Temp\surefire5645738851045766730\surefirebooter1165600550597594513.jar"/>
    <property name="sun.boot.class.path" value="C:\Program Files\Java\jdk1.8.0_271\jre\lib\resources.jar;C:\Program Files\Java\jdk1.8.0_271\jre\lib\rt.jar;C:\Program Files\Java\jdk1.8.0_271\jre\lib\sunrsasign.jar;C:\Program Files\Java\jdk1.8.0_271\jre\lib\jsse.jar;C:\Program Files\Java\jdk1.8.0_271\jre\lib\jce.jar;C:\Program Files\Java\jdk1.8.0_271\jre\lib\charsets.jar;C:\Program Files\Java\jdk1.8.0_271\jre\lib\jfr.jar;C:\Program Files\Java\jdk1.8.0_271\jre\classes"/>
    <property name="user.script" value=""/>
    <property name="sun.management.compiler" value="HotSpot 64-Bit Tiered Compilers"/>
    <property name="java.runtime.version" value="1.8.0_271-b09"/>
    <property name="user.name" value="thoma"/>
    <property name="path.separator" value=";"/>
    <property name="os.version" value="10.0"/>
    <property name="java.endorsed.dirs" value="C:\Program Files\Java\jdk1.8.0_271\jre\lib\endorsed"/>
    <property name="java.runtime.name" value="Java(TM) SE Runtime Environment"/>
    <property name="file.encoding" value="Cp1252"/>
    <property name="java.vm.name" value="Java HotSpot(TM) 64-Bit Server VM"/>
    <property name="localRepository" value="C:\Users\thoma\.m2\repository"/>
    <property name="java.vendor.url.bug" value="http://bugreport.sun.com/bugreport/"/>
    <property name="java.io.tmpdir" value="C:\Users\thoma\AppData\Local\Temp\"/>
    <property name="idea.version" value="2020.2.4"/>
    <property name="java.version" value="1.8.0_271"/>
    <property name="user.dir" value="C:\Users\thoma\Documents\repos\project2\Project2Server"/>
    <property name="os.arch" value="amd64"/>
    <property name="java.vm.specification.name" value="Java Virtual Machine Specification"/>
    <property name="java.awt.printerjob" value="sun.awt.windows.WPrinterJob"/>
    <property name="sun.os.patch.level" value=""/>
    <property name="java.library.path" value="C:\Program Files\Java\jdk1.8.0_271\jre\bin;C:\WINDOWS\Sun\Java\bin;C:\WINDOWS\system32;C:\WINDOWS;C:\Python39\Scripts\;C:\Python39\;C:\Program Files (x86)\Common Files\Oracle\Java\javapath;C:\Python38\Scripts\;C:\Python38\;C:\WINDOWS\system32;C:\WINDOWS;C:\WINDOWS\System32\Wbem;C:\WINDOWS\System32\WindowsPowerShell\v1.0\;C:\WINDOWS\System32\OpenSSH\;C:\Program Files\Microsoft SQL Server\Client SDK\ODBC\110\Tools\Binn\;C:\PHP7;C:\ProgramData\chocolatey\bin;C:\Program Files\Git\cmd;C:\Program Files\Docker\Docker\resources\bin;C:\ProgramData\DockerDesktop\version-bin;C:\Program Files\nodejs\;C:\Users\thoma\AppData\Local\Microsoft\WindowsApps;C:\Users\thoma\AppData\Local\Programs\Microsoft VS Code\bin;C:\Program Files\apache-maven-3.6.3\bin;C:\Program Files\Java\jdk1.8.0_271;C:\Users\thoma\AppData\Roaming\npm;."/>
    <property name="java.vm.info" value="mixed mode"/>
    <property name="java.vendor" value="Oracle Corporation"/>
    <property name="java.vm.version" value="25.271-b09"/>
    <property name="java.ext.dirs" value="C:\Program Files\Java\jdk1.8.0_271\jre\lib\ext;C:\WINDOWS\Sun\Java\lib\ext"/>
    <property name="sun.io.unicode.encoding" value="UnicodeLittle"/>
    <property name="java.class.version" value="52.0"/>
  </properties>
  <testcase name="shouldCreateNewUser" classname="PostControllerTest" time="0.12"/>
  <testcase name="getInvalidPage" classname="PostControllerTest" time="0.01"/>
  <testcase name="shouldLogin" classname="PostControllerTest" time="0.314"/>
  <testcase name="testLikeGet" classname="PostControllerTest" time="0.26"/>
  <testcase name="shouldCreatePost" classname="PostControllerTest" time="0.204"/>
  <testcase name="getUserPosts" classname="PostControllerTest" time="0.389"/>
  <testcase name="testFriendGetall" classname="PostControllerTest" time="0.16"/>
  <testcase name="shouldCreateComment" classname="PostControllerTest" time="0.081"/>
</testsuite>